Jan-15 13:51:11.523 [main] DEBUG nextflow.cli.Launcher - $> nextflow run pgrady1322/uSeq2Tracks --help
Jan-15 13:51:11.567 [main] DEBUG nextflow.cli.CmdRun - N E X T F L O W  ~  version 25.10.2
Jan-15 13:51:11.579 [main] DEBUG nextflow.plugin.PluginsFacade - Setting up plugin manager > mode=prod; embedded=false; plugins-dir=/Users/patrickgrady/.nextflow/plugins; core-plugins: nf-amazon@3.4.2,nf-azure@1.20.2,nf-cloudcache@0.5.0,nf-codecommit@0.5.0,nf-console@1.3.0,nf-google@1.23.3,nf-k8s@1.2.2,nf-tower@1.17.3,nf-wave@1.16.1
Jan-15 13:51:11.602 [main] INFO  o.pf4j.DefaultPluginStatusProvider - Enabled plugins: []
Jan-15 13:51:11.603 [main] INFO  o.pf4j.DefaultPluginStatusProvider - Disabled plugins: []
Jan-15 13:51:11.604 [main] INFO  org.pf4j.DefaultPluginManager - PF4J version 3.12.0 in 'deployment' mode
Jan-15 13:51:11.613 [main] DEBUG nextflow.util.RetryConfig - Missing nextflow session - using default retry config
Jan-15 13:51:11.693 [main] INFO  org.pf4j.AbstractPluginManager - No plugins
Jan-15 13:51:11.698 [main] DEBUG nextflow.scm.ProviderConfig - Using SCM config path: /Users/patrickgrady/.nextflow/scm
Jan-15 13:51:12.083 [main] DEBUG nextflow.scm.AssetManager - Git config: /Users/patrickgrady/.nextflow/assets/pgrady1322/uSeq2Tracks/.git/config; branch: null; remote: origin; url: https://github.com/pgrady1322/uSeq2Tracks.git
Jan-15 13:51:12.098 [main] DEBUG nextflow.scm.RepositoryFactory - Found Git repository result: [RepositoryFactory]
Jan-15 13:51:12.102 [main] DEBUG nextflow.scm.AssetManager - Git config: /Users/patrickgrady/.nextflow/assets/pgrady1322/uSeq2Tracks/.git/config; branch: null; remote: origin; url: https://github.com/pgrady1322/uSeq2Tracks.git
Jan-15 13:51:12.526 [main] DEBUG nextflow.config.ConfigBuilder - Found config base: /Users/patrickgrady/.nextflow/assets/pgrady1322/uSeq2Tracks/nextflow.config
Jan-15 13:51:12.527 [main] DEBUG nextflow.config.ConfigBuilder - Found config local: /Users/patrickgrady/Documents/GitHub_Repositories/uSeq2Tracks/nextflow.config
Jan-15 13:51:12.527 [main] DEBUG nextflow.config.ConfigBuilder - Parsing config file: /Users/patrickgrady/.nextflow/assets/pgrady1322/uSeq2Tracks/nextflow.config
Jan-15 13:51:12.527 [main] DEBUG nextflow.config.ConfigBuilder - Parsing config file: /Users/patrickgrady/Documents/GitHub_Repositories/uSeq2Tracks/nextflow.config
Jan-15 13:51:12.533 [main] DEBUG nextflow.config.ConfigBuilder - Applying config profile: `standard`
Jan-15 13:51:12.793 [main] DEBUG nextflow.config.ConfigBuilder - Applying config profile: `standard`
Jan-15 13:51:12.884 [main] DEBUG nextflow.plugin.PluginsFacade - Plugins default=[]
Jan-15 13:51:12.884 [main] DEBUG nextflow.plugin.PluginsFacade - Plugins resolved requirement=[]
Jan-15 13:51:12.886 [main] DEBUG n.secret.LocalSecretsProvider - Secrets store: /Users/patrickgrady/.nextflow/secrets/store.json
Jan-15 13:51:12.887 [main] DEBUG nextflow.secret.SecretsLoader - Discovered secrets providers: [nextflow.secret.LocalSecretsProvider@762a10b6] - activable => nextflow.secret.LocalSecretsProvider@762a10b6
Jan-15 13:51:12.888 [main] DEBUG nextflow.cli.CmdRun - Applied DSL=2 from script declaration
Jan-15 13:51:12.888 [main] DEBUG nextflow.cli.CmdRun - Launching `https://github.com/pgrady1322/uSeq2Tracks` [voluminous_celsius] DSL2 - revision: af00b06cf9 [main]
Jan-15 13:51:12.929 [main] DEBUG nextflow.Session - Session UUID: 1859bc56-a989-47cd-bcc1-2645c6088ed1
Jan-15 13:51:12.929 [main] DEBUG nextflow.Session - Run name: voluminous_celsius
Jan-15 13:51:12.929 [main] DEBUG nextflow.Session - Executor pool size: 8
Jan-15 13:51:12.934 [main] DEBUG nextflow.file.FilePorter - File porter settings maxRetries=3; maxTransfers=50; pollTimeout=null
Jan-15 13:51:12.936 [main] DEBUG nextflow.util.ThreadPoolBuilder - Creating thread pool 'FileTransfer' minSize=10; maxSize=24; workQueue=LinkedBlockingQueue[-1]; allowCoreThreadTimeout=false
Jan-15 13:51:12.950 [main] DEBUG nextflow.cli.CmdRun - 
  Version: 25.10.2 build 0
  Created: 28-11-2025 18:42 UTC (13:42 EDT)
  System: Mac OS X 26.2
  Runtime: Groovy 4.0.28 on OpenJDK 64-Bit Server VM 21.0.9
  Encoding: UTF-8 (UTF-8)
  Process: 62801@Patricks-MacBook-Air.local [127.0.0.1]
  CPUs: 8 - Mem: 8 GB (203.6 MB) - Swap: 3 GB (1.2 GB)
Jan-15 13:51:12.955 [main] DEBUG nextflow.Session - Work-dir: /Users/patrickgrady/Documents/GitHub_Repositories/uSeq2Tracks/work [Mac OS X]
Jan-15 13:51:12.955 [main] DEBUG nextflow.Session - Script base path does not exist or is not a directory: /Users/patrickgrady/.nextflow/assets/pgrady1322/uSeq2Tracks/bin
Jan-15 13:51:12.959 [main] DEBUG nextflow.executor.ExecutorFactory - Extension executors providers=[]
Jan-15 13:51:12.962 [main] DEBUG nextflow.Session - Observer factory (v2): LinObserverFactory
Jan-15 13:51:12.963 [main] DEBUG nextflow.Session - Observer factory (v2): DefaultObserverFactory
Jan-15 13:51:12.989 [main] DEBUG nextflow.cache.CacheFactory - Using Nextflow cache factory: nextflow.cache.DefaultCacheFactory
Jan-15 13:51:12.993 [main] DEBUG nextflow.util.CustomThreadPool - Creating default thread pool > poolSize: 9; maxThreads: 1000
Jan-15 13:51:13.021 [main] DEBUG nextflow.Session - Session start
Jan-15 13:51:13.023 [main] DEBUG nextflow.trace.TraceFileObserver - Workflow started -- trace file: ./results/pipeline_info/execution_trace_2026-01-15_13-51-12.txt
Jan-15 13:51:13.025 [main] DEBUG nextflow.Session - Using default localLib path: /Users/patrickgrady/.nextflow/assets/pgrady1322/uSeq2Tracks/lib
Jan-15 13:51:13.027 [main] DEBUG nextflow.Session - Adding to the classpath library: /Users/patrickgrady/.nextflow/assets/pgrady1322/uSeq2Tracks/lib
Jan-15 13:51:13.123 [main] DEBUG nextflow.script.ScriptRunner - > Launching execution
Jan-15 13:51:13.130 [main] INFO  nextflow.Nextflow - 

[0;36m
â”¬ â”¬â”Œâ”€â”â”Œâ”€â”â”Œâ”€â”â”Œâ”€â”â”Œâ”€â”â•”â•¦â•—â”¬â”€â”â”Œâ”€â”â”Œâ”€â”â”¬â”Œâ”€â”Œâ”€â”
â”‚ â”‚â””â”€â”â”œâ”¤ â”‚â”€â”¼â”¤ â”´â” â•‘ â”œâ”¬â”˜â”œâ”€â”¤â”‚  â”œâ”´â”â””â”€â”
â””â”€â”˜â””â”€â”˜â””â”€â”˜â””â”€â”˜â””â”€â”˜â””â”€â”˜ â•© â”´â””â”€â”´ â”´â””â”€â”˜â”´ â”´â””â”€â”˜
[0m

Usage:
    nextflow run uSeq2Tracks -profile <docker/singularity> --samplesheet <file> --genome <file> --genome_id <string>

Mandatory arguments:
    --samplesheet [file]      Path to comma-separated file containing information about the samples
    --genome [file]           Path to reference genome FASTA file
    --genome_id [string]      Genome identifier (e.g., 'galGal6')

Optional arguments:
    --outdir [file]           Output directory (default: ./results)
    --gtf [file]              Path to GTF annotation file (required for RNA-seq)

Pipeline modes:
    --rapid_mode [bool]       Skip QC and generate only essential tracks
    --skip_fastqc [bool]      Skip FastQC
    --skip_multiqc [bool]     Skip MultiQC

ATAC-seq options:
    --atacseq.mapper [string]     Alignment tool (bowtie2 | bwa_mem2)
    --atacseq.markdup [bool]      Mark duplicates
    --atacseq.bw_norm [string]    BigWig normalization (CPM | RPKM | BPM | RPGC)

ChIP-seq options:
    --chipseq.mapper [string]     Alignment tool (bowtie2 | bwa_mem2)
    --chipseq.control_tag [string] Control sample identifier
    --chipseq.markdup [bool]      Mark duplicates

Resource limits:
    --max_cpus [int]          Maximum number of CPUs
    --max_memory [string]     Maximum memory
    --max_time [string]       Maximum time

Other options:
    --help                    Display this help message

If you use uSeq2Tracks for your analysis please cite:

* The pipeline
  https://github.com/uSeq2Tracks

* The nf-core framework
  https://doi.org/10.1038/s41587-020-0439-x

* Software dependencies
  https://github.com/uSeq2Tracks/blob/master/CITATIONS.md
-[2m----------------------------------------------------[0m-
